{"/Users/dainiustrijonis/Projektas/App.js": {"path":"/Users/dainiustrijonis/Projektas/App.js","statementMap":{"0":{"start":{"line":13,"column":0},"end":{"line":13,"column":32}},"1":{"start":{"line":15,"column":21},"end":{"line":25,"column":1}},"2":{"start":{"line":27,"column":21},"end":{"line":27,"column":53}},"3":{"start":{"line":31,"column":4},"end":{"line":31,"column":28}}},"fnMap":{"0":{"name":"(anonymous_0)","decl":{"start":{"line":30,"column":2},"end":{"line":30,"column":3}},"loc":{"start":{"line":30,"column":11},"end":{"line":32,"column":3}},"line":30}},"branchMap":{},"s":{"0":0,"1":0,"2":0,"3":0},"f":{"0":0},"b":{},"hash":"c255e815c59d48f72ecfe0bfa48d81a0e98c1a13"}
,"/Users/dainiustrijonis/Projektas/index.js": {"path":"/Users/dainiustrijonis/Projektas/index.js","statementMap":{"0":{"start":{"line":9,"column":0},"end":{"line":9,"column":50}},"1":{"start":{"line":9,"column":45},"end":{"line":9,"column":48}}},"fnMap":{"0":{"name":"(anonymous_0)","decl":{"start":{"line":9,"column":39},"end":{"line":9,"column":40}},"loc":{"start":{"line":9,"column":45},"end":{"line":9,"column":48}},"line":9}},"branchMap":{},"s":{"0":0,"1":0},"f":{"0":0},"b":{},"hash":"56adb43d776e15ea02a1b7c0a28a1c44aed2c300"}
,"/Users/dainiustrijonis/Projektas/metro.config.js": {"path":"/Users/dainiustrijonis/Projektas/metro.config.js","statementMap":{"0":{"start":{"line":8,"column":0},"end":{"line":17,"column":2}},"1":{"start":{"line":10,"column":38},"end":{"line":15,"column":5}}},"fnMap":{"0":{"name":"(anonymous_0)","decl":{"start":{"line":10,"column":25},"end":{"line":10,"column":26}},"loc":{"start":{"line":10,"column":38},"end":{"line":15,"column":5}},"line":10}},"branchMap":{},"s":{"0":0,"1":0},"f":{"0":0},"b":{},"hash":"6eed3631201132e971e69353373eca0757c892f5"}
,"/Users/dainiustrijonis/Projektas/src/config.js": {"path":"/Users/dainiustrijonis/Projektas/src/config.js","statementMap":{"0":{"start":{"line":4,"column":13},"end":{"line":13,"column":1}},"1":{"start":{"line":15,"column":24},"end":{"line":15,"column":54}}},"fnMap":{},"branchMap":{},"s":{"0":2,"1":2},"f":{},"b":{},"_coverageSchema":"43e27e138ebf9cfc5966b082cf9a028302ed4184","hash":"d5b633ec3e527828bd5c070b56bd7496f4d3a195"}
,"/Users/dainiustrijonis/Projektas/src/screens/CategoryScreen.js": {"path":"/Users/dainiustrijonis/Projektas/src/screens/CategoryScreen.js","statementMap":{"0":{"start":{"line":7,"column":29},"end":{"line":7,"column":34}},"1":{"start":{"line":9,"column":6},"end":{"line":9,"column":14}},"2":{"start":{"line":10,"column":6},"end":{"line":18,"column":8}},"3":{"start":{"line":23,"column":6},"end":{"line":39,"column":11}},"4":{"start":{"line":25,"column":26},"end":{"line":25,"column":28}},"5":{"start":{"line":27,"column":10},"end":{"line":33,"column":13}},"6":{"start":{"line":28,"column":14},"end":{"line":32,"column":17}},"7":{"start":{"line":35,"column":10},"end":{"line":38,"column":13}},"8":{"start":{"line":44,"column":6},"end":{"line":50,"column":7}},"9":{"start":{"line":45,"column":8},"end":{"line":49,"column":9}},"10":{"start":{"line":52,"column":20},"end":{"line":62,"column":6}},"11":{"start":{"line":53,"column":8},"end":{"line":61,"column":37}},"12":{"start":{"line":56,"column":31},"end":{"line":56,"column":181}},"13":{"start":{"line":64,"column":6},"end":{"line":82,"column":7}},"14":{"start":{"line":88,"column":15},"end":{"line":112,"column":2}}},"fnMap":{"0":{"name":"(anonymous_0)","decl":{"start":{"line":6,"column":4},"end":{"line":6,"column":5}},"loc":{"start":{"line":6,"column":23},"end":{"line":19,"column":5}},"line":6},"1":{"name":"(anonymous_1)","decl":{"start":{"line":21,"column":4},"end":{"line":21,"column":5}},"loc":{"start":{"line":21,"column":30},"end":{"line":41,"column":7}},"line":21},"2":{"name":"(anonymous_2)","decl":{"start":{"line":24,"column":83},"end":{"line":24,"column":84}},"loc":{"start":{"line":24,"column":102},"end":{"line":39,"column":9}},"line":24},"3":{"name":"(anonymous_3)","decl":{"start":{"line":27,"column":32},"end":{"line":27,"column":33}},"loc":{"start":{"line":27,"column":44},"end":{"line":33,"column":11}},"line":27},"4":{"name":"(anonymous_4)","decl":{"start":{"line":43,"column":4},"end":{"line":43,"column":5}},"loc":{"start":{"line":43,"column":13},"end":{"line":83,"column":5}},"line":43},"5":{"name":"(anonymous_5)","decl":{"start":{"line":52,"column":43},"end":{"line":52,"column":44}},"loc":{"start":{"line":52,"column":57},"end":{"line":62,"column":5}},"line":52},"6":{"name":"(anonymous_6)","decl":{"start":{"line":56,"column":25},"end":{"line":56,"column":26}},"loc":{"start":{"line":56,"column":31},"end":{"line":56,"column":181}},"line":56}},"branchMap":{"0":{"loc":{"start":{"line":44,"column":6},"end":{"line":50,"column":7}},"type":"if","locations":[{"start":{"line":44,"column":6},"end":{"line":50,"column":7}},{"start":{"line":44,"column":6},"end":{"line":50,"column":7}}],"line":44}},"s":{"0":0,"1":0,"2":0,"3":0,"4":0,"5":0,"6":0,"7":0,"8":0,"9":0,"10":0,"11":0,"12":0,"13":0,"14":0},"f":{"0":0,"1":0,"2":0,"3":0,"4":0,"5":0,"6":0},"b":{"0":[0,0]},"hash":"398c1e18409343d4698a0364abb84417a4963334"}
,"/Users/dainiustrijonis/Projektas/src/screens/HomeScreen.js": {"path":"/Users/dainiustrijonis/Projektas/src/screens/HomeScreen.js","statementMap":{"0":{"start":{"line":8,"column":6},"end":{"line":8,"column":19}},"1":{"start":{"line":9,"column":6},"end":{"line":15,"column":7}},"2":{"start":{"line":20,"column":6},"end":{"line":32,"column":9}},"3":{"start":{"line":21,"column":8},"end":{"line":31,"column":9}},"4":{"start":{"line":22,"column":10},"end":{"line":25,"column":13}},"5":{"start":{"line":27,"column":10},"end":{"line":30,"column":12}},"6":{"start":{"line":34,"column":6},"end":{"line":50,"column":11}},"7":{"start":{"line":36,"column":29},"end":{"line":36,"column":31}},"8":{"start":{"line":38,"column":10},"end":{"line":44,"column":13}},"9":{"start":{"line":39,"column":14},"end":{"line":43,"column":17}},"10":{"start":{"line":46,"column":10},"end":{"line":49,"column":13}},"11":{"start":{"line":55,"column":21},"end":{"line":55,"column":25}},"12":{"start":{"line":56,"column":6},"end":{"line":64,"column":9}},"13":{"start":{"line":57,"column":8},"end":{"line":63,"column":9}},"14":{"start":{"line":58,"column":10},"end":{"line":58,"column":52}},"15":{"start":{"line":59,"column":10},"end":{"line":59,"column":27}},"16":{"start":{"line":60,"column":15},"end":{"line":63,"column":9}},"17":{"start":{"line":61,"column":10},"end":{"line":61,"column":50}},"18":{"start":{"line":62,"column":10},"end":{"line":62,"column":27}},"19":{"start":{"line":68,"column":6},"end":{"line":74,"column":7}},"20":{"start":{"line":69,"column":8},"end":{"line":73,"column":9}},"21":{"start":{"line":76,"column":23},"end":{"line":86,"column":8}},"22":{"start":{"line":77,"column":8},"end":{"line":85,"column":35}},"23":{"start":{"line":80,"column":31},"end":{"line":80,"column":160}},"24":{"start":{"line":88,"column":6},"end":{"line":110,"column":8}},"25":{"start":{"line":105,"column":27},"end":{"line":105,"column":54}},"26":{"start":{"line":116,"column":15},"end":{"line":140,"column":2}}},"fnMap":{"0":{"name":"(anonymous_0)","decl":{"start":{"line":7,"column":4},"end":{"line":7,"column":5}},"loc":{"start":{"line":7,"column":23},"end":{"line":16,"column":5}},"line":7},"1":{"name":"(anonymous_1)","decl":{"start":{"line":18,"column":4},"end":{"line":18,"column":5}},"loc":{"start":{"line":18,"column":30},"end":{"line":51,"column":5}},"line":18},"2":{"name":"(anonymous_2)","decl":{"start":{"line":20,"column":41},"end":{"line":20,"column":42}},"loc":{"start":{"line":20,"column":51},"end":{"line":32,"column":7}},"line":20},"3":{"name":"(anonymous_3)","decl":{"start":{"line":35,"column":45},"end":{"line":35,"column":46}},"loc":{"start":{"line":35,"column":64},"end":{"line":50,"column":9}},"line":35},"4":{"name":"(anonymous_4)","decl":{"start":{"line":38,"column":32},"end":{"line":38,"column":33}},"loc":{"start":{"line":38,"column":46},"end":{"line":44,"column":11}},"line":38},"5":{"name":"(anonymous_5)","decl":{"start":{"line":54,"column":4},"end":{"line":54,"column":5}},"loc":{"start":{"line":54,"column":27},"end":{"line":65,"column":5}},"line":54},"6":{"name":"(anonymous_6)","decl":{"start":{"line":56,"column":41},"end":{"line":56,"column":42}},"loc":{"start":{"line":56,"column":51},"end":{"line":64,"column":7}},"line":56},"7":{"name":"(anonymous_7)","decl":{"start":{"line":67,"column":4},"end":{"line":67,"column":5}},"loc":{"start":{"line":67,"column":13},"end":{"line":111,"column":5}},"line":67},"8":{"name":"(anonymous_8)","decl":{"start":{"line":76,"column":49},"end":{"line":76,"column":50}},"loc":{"start":{"line":76,"column":63},"end":{"line":86,"column":7}},"line":76},"9":{"name":"(anonymous_9)","decl":{"start":{"line":80,"column":25},"end":{"line":80,"column":26}},"loc":{"start":{"line":80,"column":31},"end":{"line":80,"column":160}},"line":80},"10":{"name":"(anonymous_10)","decl":{"start":{"line":105,"column":21},"end":{"line":105,"column":22}},"loc":{"start":{"line":105,"column":27},"end":{"line":105,"column":54}},"line":105}},"branchMap":{"0":{"loc":{"start":{"line":21,"column":8},"end":{"line":31,"column":9}},"type":"if","locations":[{"start":{"line":21,"column":8},"end":{"line":31,"column":9}},{"start":{"line":21,"column":8},"end":{"line":31,"column":9}}],"line":21},"1":{"loc":{"start":{"line":57,"column":8},"end":{"line":63,"column":9}},"type":"if","locations":[{"start":{"line":57,"column":8},"end":{"line":63,"column":9}},{"start":{"line":57,"column":8},"end":{"line":63,"column":9}}],"line":57},"2":{"loc":{"start":{"line":57,"column":12},"end":{"line":57,"column":28}},"type":"binary-expr","locations":[{"start":{"line":57,"column":12},"end":{"line":57,"column":16}},{"start":{"line":57,"column":20},"end":{"line":57,"column":28}}],"line":57},"3":{"loc":{"start":{"line":60,"column":15},"end":{"line":63,"column":9}},"type":"if","locations":[{"start":{"line":60,"column":15},"end":{"line":63,"column":9}},{"start":{"line":60,"column":15},"end":{"line":63,"column":9}}],"line":60},"4":{"loc":{"start":{"line":68,"column":6},"end":{"line":74,"column":7}},"type":"if","locations":[{"start":{"line":68,"column":6},"end":{"line":74,"column":7}},{"start":{"line":68,"column":6},"end":{"line":74,"column":7}}],"line":68}},"s":{"0":0,"1":0,"2":0,"3":0,"4":0,"5":0,"6":0,"7":0,"8":0,"9":0,"10":0,"11":0,"12":0,"13":0,"14":0,"15":0,"16":0,"17":0,"18":0,"19":0,"20":0,"21":0,"22":0,"23":0,"24":0,"25":0,"26":1},"f":{"0":0,"1":0,"2":0,"3":0,"4":0,"5":0,"6":0,"7":0,"8":0,"9":0,"10":0},"b":{"0":[0,0],"1":[0,0],"2":[0,0],"3":[0,0],"4":[0,0]},"_coverageSchema":"43e27e138ebf9cfc5966b082cf9a028302ed4184","hash":"3d043a6c205650cc26ed9ef1c424d04f5b95a7d8"}
,"/Users/dainiustrijonis/Projektas/src/screens/LoginScreen.js": {"path":"/Users/dainiustrijonis/Projektas/src/screens/LoginScreen.js","statementMap":{"0":{"start":{"line":7,"column":12},"end":{"line":10,"column":5}},"1":{"start":{"line":11,"column":18},"end":{"line":18,"column":5}},"2":{"start":{"line":12,"column":36},"end":{"line":12,"column":46}},"3":{"start":{"line":14,"column":8},"end":{"line":17,"column":47}},"4":{"start":{"line":16,"column":24},"end":{"line":16,"column":62}},"5":{"start":{"line":17,"column":28},"end":{"line":17,"column":46}},"6":{"start":{"line":27,"column":8},"end":{"line":48,"column":9}},"7":{"start":{"line":32,"column":43},"end":{"line":32,"column":67}},"8":{"start":{"line":39,"column":46},"end":{"line":39,"column":73}},"9":{"start":{"line":46,"column":80},"end":{"line":46,"column":122}},"10":{"start":{"line":52,"column":15},"end":{"line":87,"column":2}}},"fnMap":{"0":{"name":"(anonymous_0)","decl":{"start":{"line":11,"column":18},"end":{"line":11,"column":19}},"loc":{"start":{"line":11,"column":24},"end":{"line":18,"column":5}},"line":11},"1":{"name":"(anonymous_1)","decl":{"start":{"line":16,"column":18},"end":{"line":16,"column":19}},"loc":{"start":{"line":16,"column":24},"end":{"line":16,"column":62}},"line":16},"2":{"name":"(anonymous_2)","decl":{"start":{"line":17,"column":19},"end":{"line":17,"column":20}},"loc":{"start":{"line":17,"column":28},"end":{"line":17,"column":46}},"line":17},"3":{"name":"(anonymous_3)","decl":{"start":{"line":19,"column":4},"end":{"line":19,"column":5}},"loc":{"start":{"line":19,"column":24},"end":{"line":25,"column":5}},"line":19},"4":{"name":"(anonymous_4)","decl":{"start":{"line":26,"column":4},"end":{"line":26,"column":5}},"loc":{"start":{"line":26,"column":13},"end":{"line":49,"column":5}},"line":26},"5":{"name":"(anonymous_5)","decl":{"start":{"line":32,"column":34},"end":{"line":32,"column":35}},"loc":{"start":{"line":32,"column":43},"end":{"line":32,"column":67}},"line":32},"6":{"name":"(anonymous_6)","decl":{"start":{"line":39,"column":34},"end":{"line":39,"column":35}},"loc":{"start":{"line":39,"column":46},"end":{"line":39,"column":73}},"line":39},"7":{"name":"(anonymous_7)","decl":{"start":{"line":46,"column":76},"end":{"line":46,"column":77}},"loc":{"start":{"line":46,"column":80},"end":{"line":46,"column":122}},"line":46}},"branchMap":{},"s":{"0":1,"1":1,"2":0,"3":0,"4":0,"5":0,"6":1,"7":0,"8":0,"9":0,"10":1},"f":{"0":0,"1":0,"2":0,"3":1,"4":1,"5":0,"6":0,"7":0},"b":{},"_coverageSchema":"43e27e138ebf9cfc5966b082cf9a028302ed4184","hash":"439dbb0793bd28f04a87a4c3e57df58420a389af"}
,"/Users/dainiustrijonis/Projektas/src/screens/OptionScreen.js": {"path":"/Users/dainiustrijonis/Projektas/src/screens/OptionScreen.js","statementMap":{"0":{"start":{"line":8,"column":29},"end":{"line":8,"column":34}},"1":{"start":{"line":10,"column":6},"end":{"line":10,"column":13}},"2":{"start":{"line":11,"column":6},"end":{"line":23,"column":7}},"3":{"start":{"line":29,"column":6},"end":{"line":41,"column":11}},"4":{"start":{"line":35,"column":10},"end":{"line":40,"column":11}},"5":{"start":{"line":36,"column":12},"end":{"line":39,"column":14}},"6":{"start":{"line":46,"column":6},"end":{"line":46,"column":39}},"7":{"start":{"line":47,"column":6},"end":{"line":62,"column":11}},"8":{"start":{"line":58,"column":10},"end":{"line":58,"column":56}},"9":{"start":{"line":61,"column":10},"end":{"line":61,"column":59}},"10":{"start":{"line":65,"column":19},"end":{"line":67,"column":5}},"11":{"start":{"line":66,"column":8},"end":{"line":66,"column":150}},"12":{"start":{"line":66,"column":71},"end":{"line":66,"column":105}},"13":{"start":{"line":66,"column":121},"end":{"line":66,"column":147}},"14":{"start":{"line":69,"column":26},"end":{"line":89,"column":5}},"15":{"start":{"line":70,"column":6},"end":{"line":70,"column":37}},"16":{"start":{"line":71,"column":17},"end":{"line":71,"column":42}},"17":{"start":{"line":72,"column":20},"end":{"line":72,"column":45}},"18":{"start":{"line":74,"column":6},"end":{"line":81,"column":7}},"19":{"start":{"line":75,"column":8},"end":{"line":75,"column":25}},"20":{"start":{"line":76,"column":8},"end":{"line":76,"column":56}},"21":{"start":{"line":77,"column":8},"end":{"line":77,"column":35}},"22":{"start":{"line":79,"column":8},"end":{"line":79,"column":56}},"23":{"start":{"line":80,"column":8},"end":{"line":80,"column":34}},"24":{"start":{"line":83,"column":6},"end":{"line":83,"column":55}},"25":{"start":{"line":84,"column":6},"end":{"line":88,"column":9}},"26":{"start":{"line":92,"column":6},"end":{"line":98,"column":7}},"27":{"start":{"line":93,"column":8},"end":{"line":97,"column":9}},"28":{"start":{"line":101,"column":6},"end":{"line":109,"column":7}},"29":{"start":{"line":102,"column":8},"end":{"line":108,"column":9}},"30":{"start":{"line":106,"column":25},"end":{"line":106,"column":43}},"31":{"start":{"line":111,"column":6},"end":{"line":179,"column":8}},"32":{"start":{"line":155,"column":46},"end":{"line":155,"column":77}},"33":{"start":{"line":163,"column":46},"end":{"line":163,"column":77}},"34":{"start":{"line":185,"column":15},"end":{"line":202,"column":2}}},"fnMap":{"0":{"name":"(anonymous_0)","decl":{"start":{"line":7,"column":4},"end":{"line":7,"column":5}},"loc":{"start":{"line":7,"column":23},"end":{"line":25,"column":5}},"line":7},"1":{"name":"(anonymous_1)","decl":{"start":{"line":27,"column":4},"end":{"line":27,"column":5}},"loc":{"start":{"line":27,"column":30},"end":{"line":42,"column":5}},"line":27},"2":{"name":"(anonymous_2)","decl":{"start":{"line":34,"column":20},"end":{"line":34,"column":21}},"loc":{"start":{"line":34,"column":29},"end":{"line":41,"column":9}},"line":34},"3":{"name":"(anonymous_3)","decl":{"start":{"line":44,"column":4},"end":{"line":44,"column":5}},"loc":{"start":{"line":44,"column":18},"end":{"line":63,"column":7}},"line":44},"4":{"name":"(anonymous_4)","decl":{"start":{"line":57,"column":14},"end":{"line":57,"column":15}},"loc":{"start":{"line":57,"column":25},"end":{"line":59,"column":9}},"line":57},"5":{"name":"(anonymous_5)","decl":{"start":{"line":60,"column":15},"end":{"line":60,"column":16}},"loc":{"start":{"line":60,"column":31},"end":{"line":62,"column":9}},"line":60},"6":{"name":"(anonymous_6)","decl":{"start":{"line":65,"column":19},"end":{"line":65,"column":20}},"loc":{"start":{"line":65,"column":31},"end":{"line":67,"column":5}},"line":65},"7":{"name":"(anonymous_7)","decl":{"start":{"line":66,"column":53},"end":{"line":66,"column":54}},"loc":{"start":{"line":66,"column":71},"end":{"line":66,"column":105}},"line":66},"8":{"name":"(anonymous_8)","decl":{"start":{"line":66,"column":113},"end":{"line":66,"column":114}},"loc":{"start":{"line":66,"column":120},"end":{"line":66,"column":148}},"line":66},"9":{"name":"(anonymous_9)","decl":{"start":{"line":69,"column":26},"end":{"line":69,"column":27}},"loc":{"start":{"line":69,"column":32},"end":{"line":89,"column":5}},"line":69},"10":{"name":"(anonymous_10)","decl":{"start":{"line":91,"column":4},"end":{"line":91,"column":5}},"loc":{"start":{"line":91,"column":13},"end":{"line":180,"column":5}},"line":91},"11":{"name":"(anonymous_11)","decl":{"start":{"line":106,"column":19},"end":{"line":106,"column":20}},"loc":{"start":{"line":106,"column":25},"end":{"line":106,"column":43}},"line":106},"12":{"name":"(anonymous_12)","decl":{"start":{"line":155,"column":28},"end":{"line":155,"column":29}},"loc":{"start":{"line":155,"column":46},"end":{"line":155,"column":77}},"line":155},"13":{"name":"(anonymous_13)","decl":{"start":{"line":163,"column":28},"end":{"line":163,"column":29}},"loc":{"start":{"line":163,"column":46},"end":{"line":163,"column":77}},"line":163}},"branchMap":{"0":{"loc":{"start":{"line":35,"column":10},"end":{"line":40,"column":11}},"type":"if","locations":[{"start":{"line":35,"column":10},"end":{"line":40,"column":11}},{"start":{"line":35,"column":10},"end":{"line":40,"column":11}}],"line":35},"1":{"loc":{"start":{"line":74,"column":6},"end":{"line":81,"column":7}},"type":"if","locations":[{"start":{"line":74,"column":6},"end":{"line":81,"column":7}},{"start":{"line":74,"column":6},"end":{"line":81,"column":7}}],"line":74},"2":{"loc":{"start":{"line":76,"column":15},"end":{"line":76,"column":55}},"type":"cond-expr","locations":[{"start":{"line":76,"column":29},"end":{"line":76,"column":41}},{"start":{"line":76,"column":44},"end":{"line":76,"column":55}}],"line":76},"3":{"loc":{"start":{"line":79,"column":15},"end":{"line":79,"column":55}},"type":"cond-expr","locations":[{"start":{"line":79,"column":29},"end":{"line":79,"column":41}},{"start":{"line":79,"column":44},"end":{"line":79,"column":55}}],"line":79},"4":{"loc":{"start":{"line":92,"column":6},"end":{"line":98,"column":7}},"type":"if","locations":[{"start":{"line":92,"column":6},"end":{"line":98,"column":7}},{"start":{"line":92,"column":6},"end":{"line":98,"column":7}}],"line":92},"5":{"loc":{"start":{"line":101,"column":6},"end":{"line":109,"column":7}},"type":"if","locations":[{"start":{"line":101,"column":6},"end":{"line":109,"column":7}},{"start":{"line":101,"column":6},"end":{"line":109,"column":7}}],"line":101}},"s":{"0":0,"1":0,"2":0,"3":0,"4":0,"5":0,"6":0,"7":0,"8":0,"9":0,"10":0,"11":0,"12":0,"13":0,"14":0,"15":0,"16":0,"17":0,"18":0,"19":0,"20":0,"21":0,"22":0,"23":0,"24":0,"25":0,"26":0,"27":0,"28":0,"29":0,"30":0,"31":0,"32":0,"33":0,"34":0},"f":{"0":0,"1":0,"2":0,"3":0,"4":0,"5":0,"6":0,"7":0,"8":0,"9":0,"10":0,"11":0,"12":0,"13":0},"b":{"0":[0,0],"1":[0,0],"2":[0,0],"3":[0,0],"4":[0,0],"5":[0,0]},"hash":"7bc2e9f88f7f5ff887c7e56c03887bd2041e55bf"}
,"/Users/dainiustrijonis/Projektas/src/screens/OrdersScreen.js": {"path":"/Users/dainiustrijonis/Projektas/src/screens/OrdersScreen.js","statementMap":{"0":{"start":{"line":9,"column":29},"end":{"line":9,"column":34}},"1":{"start":{"line":11,"column":6},"end":{"line":11,"column":19}},"2":{"start":{"line":12,"column":6},"end":{"line":17,"column":7}},"3":{"start":{"line":22,"column":6},"end":{"line":40,"column":11}},"4":{"start":{"line":27,"column":25},"end":{"line":27,"column":27}},"5":{"start":{"line":29,"column":10},"end":{"line":39,"column":13}},"6":{"start":{"line":30,"column":12},"end":{"line":33,"column":15}},"7":{"start":{"line":35,"column":12},"end":{"line":38,"column":15}},"8":{"start":{"line":44,"column":6},"end":{"line":50,"column":7}},"9":{"start":{"line":45,"column":8},"end":{"line":49,"column":9}},"10":{"start":{"line":52,"column":19},"end":{"line":60,"column":8}},"11":{"start":{"line":53,"column":8},"end":{"line":59,"column":21}},"12":{"start":{"line":62,"column":6},"end":{"line":80,"column":8}},"13":{"start":{"line":86,"column":15},"end":{"line":110,"column":2}}},"fnMap":{"0":{"name":"(anonymous_0)","decl":{"start":{"line":8,"column":4},"end":{"line":8,"column":5}},"loc":{"start":{"line":8,"column":23},"end":{"line":18,"column":5}},"line":8},"1":{"name":"(anonymous_1)","decl":{"start":{"line":20,"column":4},"end":{"line":20,"column":5}},"loc":{"start":{"line":20,"column":24},"end":{"line":41,"column":5}},"line":20},"2":{"name":"(anonymous_2)","decl":{"start":{"line":26,"column":20},"end":{"line":26,"column":21}},"loc":{"start":{"line":26,"column":32},"end":{"line":40,"column":9}},"line":26},"3":{"name":"(anonymous_3)","decl":{"start":{"line":29,"column":32},"end":{"line":29,"column":33}},"loc":{"start":{"line":29,"column":41},"end":{"line":39,"column":11}},"line":29},"4":{"name":"(anonymous_4)","decl":{"start":{"line":43,"column":4},"end":{"line":43,"column":5}},"loc":{"start":{"line":43,"column":13},"end":{"line":81,"column":5}},"line":43},"5":{"name":"(anonymous_5)","decl":{"start":{"line":52,"column":41},"end":{"line":52,"column":42}},"loc":{"start":{"line":52,"column":55},"end":{"line":60,"column":7}},"line":52}},"branchMap":{"0":{"loc":{"start":{"line":44,"column":6},"end":{"line":50,"column":7}},"type":"if","locations":[{"start":{"line":44,"column":6},"end":{"line":50,"column":7}},{"start":{"line":44,"column":6},"end":{"line":50,"column":7}}],"line":44}},"s":{"0":0,"1":0,"2":0,"3":0,"4":0,"5":0,"6":0,"7":0,"8":0,"9":0,"10":0,"11":0,"12":0,"13":0},"f":{"0":0,"1":0,"2":0,"3":0,"4":0,"5":0},"b":{"0":[0,0]},"hash":"16613d31f4b10bcfc873fdaad3ad1224a25b3555"}
,"/Users/dainiustrijonis/Projektas/src/screens/ProfileScreen.js": {"path":"/Users/dainiustrijonis/Projektas/src/screens/ProfileScreen.js","statementMap":{"0":{"start":{"line":7,"column":2},"end":{"line":7,"column":15}},"1":{"start":{"line":8,"column":2},"end":{"line":10,"column":3}},"2":{"start":{"line":13,"column":16},"end":{"line":18,"column":5}},"3":{"start":{"line":14,"column":8},"end":{"line":17,"column":45}},"4":{"start":{"line":16,"column":22},"end":{"line":16,"column":60}},"5":{"start":{"line":17,"column":26},"end":{"line":17,"column":44}},"6":{"start":{"line":21,"column":22},"end":{"line":27,"column":5}},"7":{"start":{"line":22,"column":3},"end":{"line":26,"column":4}},"8":{"start":{"line":23,"column":5},"end":{"line":25,"column":7}},"9":{"start":{"line":28,"column":3},"end":{"line":28,"column":38}},"10":{"start":{"line":29,"column":3},"end":{"line":29,"column":24}},"11":{"start":{"line":33,"column":2},"end":{"line":42,"column":3}},"12":{"start":{"line":35,"column":103},"end":{"line":35,"column":174}},"13":{"start":{"line":45,"column":15},"end":{"line":81,"column":2}}},"fnMap":{"0":{"name":"(anonymous_0)","decl":{"start":{"line":6,"column":1},"end":{"line":6,"column":2}},"loc":{"start":{"line":6,"column":20},"end":{"line":11,"column":5}},"line":6},"1":{"name":"(anonymous_1)","decl":{"start":{"line":13,"column":16},"end":{"line":13,"column":17}},"loc":{"start":{"line":13,"column":22},"end":{"line":18,"column":5}},"line":13},"2":{"name":"(anonymous_2)","decl":{"start":{"line":16,"column":16},"end":{"line":16,"column":17}},"loc":{"start":{"line":16,"column":22},"end":{"line":16,"column":60}},"line":16},"3":{"name":"(anonymous_3)","decl":{"start":{"line":17,"column":17},"end":{"line":17,"column":18}},"loc":{"start":{"line":17,"column":26},"end":{"line":17,"column":44}},"line":17},"4":{"name":"(anonymous_4)","decl":{"start":{"line":20,"column":1},"end":{"line":20,"column":2}},"loc":{"start":{"line":20,"column":21},"end":{"line":30,"column":2}},"line":20},"5":{"name":"(anonymous_5)","decl":{"start":{"line":21,"column":57},"end":{"line":21,"column":58}},"loc":{"start":{"line":21,"column":71},"end":{"line":27,"column":4}},"line":21},"6":{"name":"(anonymous_6)","decl":{"start":{"line":32,"column":1},"end":{"line":32,"column":2}},"loc":{"start":{"line":32,"column":10},"end":{"line":43,"column":2}},"line":32},"7":{"name":"(anonymous_7)","decl":{"start":{"line":35,"column":97},"end":{"line":35,"column":98}},"loc":{"start":{"line":35,"column":103},"end":{"line":35,"column":174}},"line":35}},"branchMap":{"0":{"loc":{"start":{"line":22,"column":3},"end":{"line":26,"column":4}},"type":"if","locations":[{"start":{"line":22,"column":3},"end":{"line":26,"column":4}},{"start":{"line":22,"column":3},"end":{"line":26,"column":4}}],"line":22}},"s":{"0":0,"1":0,"2":0,"3":0,"4":0,"5":0,"6":0,"7":0,"8":0,"9":0,"10":0,"11":0,"12":0,"13":0},"f":{"0":0,"1":0,"2":0,"3":0,"4":0,"5":0,"6":0,"7":0},"b":{"0":[0,0]},"hash":"380626acaf2cd85954fb20d6d6289747126ecbf6"}
,"/Users/dainiustrijonis/Projektas/src/screens/RegisterScreen.js": {"path":"/Users/dainiustrijonis/Projektas/src/screens/RegisterScreen.js","statementMap":{"0":{"start":{"line":7,"column":12},"end":{"line":11,"column":5}},"1":{"start":{"line":13,"column":19},"end":{"line":28,"column":5}},"2":{"start":{"line":14,"column":36},"end":{"line":14,"column":46}},"3":{"start":{"line":15,"column":8},"end":{"line":27,"column":46}},"4":{"start":{"line":18,"column":12},"end":{"line":23,"column":15}},"5":{"start":{"line":25,"column":14},"end":{"line":25,"column":53}},"6":{"start":{"line":27,"column":26},"end":{"line":27,"column":44}},"7":{"start":{"line":31,"column":8},"end":{"line":51,"column":9}},"8":{"start":{"line":36,"column":43},"end":{"line":36,"column":67}},"9":{"start":{"line":43,"column":46},"end":{"line":43,"column":73}},"10":{"start":{"line":55,"column":15},"end":{"line":90,"column":2}}},"fnMap":{"0":{"name":"(anonymous_0)","decl":{"start":{"line":13,"column":19},"end":{"line":13,"column":20}},"loc":{"start":{"line":13,"column":25},"end":{"line":28,"column":5}},"line":13},"1":{"name":"(anonymous_1)","decl":{"start":{"line":17,"column":16},"end":{"line":17,"column":17}},"loc":{"start":{"line":17,"column":24},"end":{"line":26,"column":13}},"line":17},"2":{"name":"(anonymous_2)","decl":{"start":{"line":27,"column":17},"end":{"line":27,"column":18}},"loc":{"start":{"line":27,"column":26},"end":{"line":27,"column":44}},"line":27},"3":{"name":"(anonymous_3)","decl":{"start":{"line":30,"column":4},"end":{"line":30,"column":5}},"loc":{"start":{"line":30,"column":13},"end":{"line":52,"column":5}},"line":30},"4":{"name":"(anonymous_4)","decl":{"start":{"line":36,"column":34},"end":{"line":36,"column":35}},"loc":{"start":{"line":36,"column":43},"end":{"line":36,"column":67}},"line":36},"5":{"name":"(anonymous_5)","decl":{"start":{"line":43,"column":34},"end":{"line":43,"column":35}},"loc":{"start":{"line":43,"column":46},"end":{"line":43,"column":73}},"line":43}},"branchMap":{},"s":{"0":0,"1":0,"2":0,"3":0,"4":0,"5":0,"6":0,"7":0,"8":0,"9":0,"10":0},"f":{"0":0,"1":0,"2":0,"3":0,"4":0,"5":0},"b":{},"hash":"352aff6d684a50fc6e70099b9bc493a25a59da65"}
}
