TN:
SF:/Users/dainiustrijonis/Projektas/App.js
FN:30,(anonymous_0)
FNF:1
FNH:0
FNDA:0,(anonymous_0)
DA:13,0
DA:15,0
DA:27,0
DA:31,0
LF:4
LH:0
BRF:0
BRH:0
end_of_record
TN:
SF:/Users/dainiustrijonis/Projektas/index.js
FN:9,(anonymous_0)
FNF:1
FNH:0
FNDA:0,(anonymous_0)
DA:9,0
LF:1
LH:0
BRF:0
BRH:0
end_of_record
TN:
SF:/Users/dainiustrijonis/Projektas/metro.config.js
FN:10,(anonymous_0)
FNF:1
FNH:0
FNDA:0,(anonymous_0)
DA:8,0
DA:10,0
LF:2
LH:0
BRF:0
BRH:0
end_of_record
TN:
SF:/Users/dainiustrijonis/Projektas/src/config.js
FNF:0
FNH:0
DA:4,2
DA:15,2
LF:2
LH:2
BRF:0
BRH:0
end_of_record
TN:
SF:/Users/dainiustrijonis/Projektas/src/screens/CategoryScreen.js
FN:6,(anonymous_0)
FN:21,(anonymous_1)
FN:24,(anonymous_2)
FN:27,(anonymous_3)
FN:43,(anonymous_4)
FN:52,(anonymous_5)
FN:56,(anonymous_6)
FNF:7
FNH:0
FNDA:0,(anonymous_0)
FNDA:0,(anonymous_1)
FNDA:0,(anonymous_2)
FNDA:0,(anonymous_3)
FNDA:0,(anonymous_4)
FNDA:0,(anonymous_5)
FNDA:0,(anonymous_6)
DA:7,0
DA:9,0
DA:10,0
DA:23,0
DA:25,0
DA:27,0
DA:28,0
DA:35,0
DA:44,0
DA:45,0
DA:52,0
DA:53,0
DA:56,0
DA:64,0
DA:88,0
LF:15
LH:0
BRDA:44,0,0,0
BRDA:44,0,1,0
BRF:2
BRH:0
end_of_record
TN:
SF:/Users/dainiustrijonis/Projektas/src/screens/HomeScreen.js
FN:7,(anonymous_0)
FN:18,(anonymous_1)
FN:20,(anonymous_2)
FN:35,(anonymous_3)
FN:38,(anonymous_4)
FN:54,(anonymous_5)
FN:56,(anonymous_6)
FN:67,(anonymous_7)
FN:76,(anonymous_8)
FN:80,(anonymous_9)
FN:105,(anonymous_10)
FNF:11
FNH:0
FNDA:0,(anonymous_0)
FNDA:0,(anonymous_1)
FNDA:0,(anonymous_2)
FNDA:0,(anonymous_3)
FNDA:0,(anonymous_4)
FNDA:0,(anonymous_5)
FNDA:0,(anonymous_6)
FNDA:0,(anonymous_7)
FNDA:0,(anonymous_8)
FNDA:0,(anonymous_9)
FNDA:0,(anonymous_10)
DA:8,0
DA:9,0
DA:20,0
DA:21,0
DA:22,0
DA:27,0
DA:34,0
DA:36,0
DA:38,0
DA:39,0
DA:46,0
DA:55,0
DA:56,0
DA:57,0
DA:58,0
DA:59,0
DA:60,0
DA:61,0
DA:62,0
DA:68,0
DA:69,0
DA:76,0
DA:77,0
DA:80,0
DA:88,0
DA:105,0
DA:116,1
LF:27
LH:1
BRDA:21,0,0,0
BRDA:21,0,1,0
BRDA:57,1,0,0
BRDA:57,1,1,0
BRDA:57,2,0,0
BRDA:57,2,1,0
BRDA:60,3,0,0
BRDA:60,3,1,0
BRDA:68,4,0,0
BRDA:68,4,1,0
BRF:10
BRH:0
end_of_record
TN:
SF:/Users/dainiustrijonis/Projektas/src/screens/LoginScreen.js
FN:11,(anonymous_0)
FN:16,(anonymous_1)
FN:17,(anonymous_2)
FN:19,(anonymous_3)
FN:26,(anonymous_4)
FN:32,(anonymous_5)
FN:39,(anonymous_6)
FN:46,(anonymous_7)
FNF:8
FNH:2
FNDA:0,(anonymous_0)
FNDA:0,(anonymous_1)
FNDA:0,(anonymous_2)
FNDA:1,(anonymous_3)
FNDA:1,(anonymous_4)
FNDA:0,(anonymous_5)
FNDA:0,(anonymous_6)
FNDA:0,(anonymous_7)
DA:7,1
DA:11,1
DA:12,0
DA:14,0
DA:16,0
DA:17,0
DA:27,1
DA:32,0
DA:39,0
DA:46,0
DA:52,1
LF:11
LH:4
BRF:0
BRH:0
end_of_record
TN:
SF:/Users/dainiustrijonis/Projektas/src/screens/OptionScreen.js
FN:7,(anonymous_0)
FN:27,(anonymous_1)
FN:34,(anonymous_2)
FN:44,(anonymous_3)
FN:57,(anonymous_4)
FN:60,(anonymous_5)
FN:65,(anonymous_6)
FN:66,(anonymous_7)
FN:66,(anonymous_8)
FN:69,(anonymous_9)
FN:91,(anonymous_10)
FN:106,(anonymous_11)
FN:155,(anonymous_12)
FN:163,(anonymous_13)
FNF:14
FNH:0
FNDA:0,(anonymous_0)
FNDA:0,(anonymous_1)
FNDA:0,(anonymous_2)
FNDA:0,(anonymous_3)
FNDA:0,(anonymous_4)
FNDA:0,(anonymous_5)
FNDA:0,(anonymous_6)
FNDA:0,(anonymous_7)
FNDA:0,(anonymous_8)
FNDA:0,(anonymous_9)
FNDA:0,(anonymous_10)
FNDA:0,(anonymous_11)
FNDA:0,(anonymous_12)
FNDA:0,(anonymous_13)
DA:8,0
DA:10,0
DA:11,0
DA:29,0
DA:35,0
DA:36,0
DA:46,0
DA:47,0
DA:58,0
DA:61,0
DA:65,0
DA:66,0
DA:69,0
DA:70,0
DA:71,0
DA:72,0
DA:74,0
DA:75,0
DA:76,0
DA:77,0
DA:79,0
DA:80,0
DA:83,0
DA:84,0
DA:92,0
DA:93,0
DA:101,0
DA:102,0
DA:106,0
DA:111,0
DA:155,0
DA:163,0
DA:185,0
LF:33
LH:0
BRDA:35,0,0,0
BRDA:35,0,1,0
BRDA:74,1,0,0
BRDA:74,1,1,0
BRDA:76,2,0,0
BRDA:76,2,1,0
BRDA:79,3,0,0
BRDA:79,3,1,0
BRDA:92,4,0,0
BRDA:92,4,1,0
BRDA:101,5,0,0
BRDA:101,5,1,0
BRF:12
BRH:0
end_of_record
TN:
SF:/Users/dainiustrijonis/Projektas/src/screens/OrdersScreen.js
FN:8,(anonymous_0)
FN:20,(anonymous_1)
FN:26,(anonymous_2)
FN:29,(anonymous_3)
FN:43,(anonymous_4)
FN:52,(anonymous_5)
FNF:6
FNH:0
FNDA:0,(anonymous_0)
FNDA:0,(anonymous_1)
FNDA:0,(anonymous_2)
FNDA:0,(anonymous_3)
FNDA:0,(anonymous_4)
FNDA:0,(anonymous_5)
DA:9,0
DA:11,0
DA:12,0
DA:22,0
DA:27,0
DA:29,0
DA:30,0
DA:35,0
DA:44,0
DA:45,0
DA:52,0
DA:53,0
DA:62,0
DA:86,0
LF:14
LH:0
BRDA:44,0,0,0
BRDA:44,0,1,0
BRF:2
BRH:0
end_of_record
TN:
SF:/Users/dainiustrijonis/Projektas/src/screens/ProfileScreen.js
FN:6,(anonymous_0)
FN:13,(anonymous_1)
FN:16,(anonymous_2)
FN:17,(anonymous_3)
FN:20,(anonymous_4)
FN:21,(anonymous_5)
FN:32,(anonymous_6)
FN:35,(anonymous_7)
FNF:8
FNH:0
FNDA:0,(anonymous_0)
FNDA:0,(anonymous_1)
FNDA:0,(anonymous_2)
FNDA:0,(anonymous_3)
FNDA:0,(anonymous_4)
FNDA:0,(anonymous_5)
FNDA:0,(anonymous_6)
FNDA:0,(anonymous_7)
DA:7,0
DA:8,0
DA:13,0
DA:14,0
DA:16,0
DA:17,0
DA:21,0
DA:22,0
DA:23,0
DA:28,0
DA:29,0
DA:33,0
DA:35,0
DA:45,0
LF:14
LH:0
BRDA:22,0,0,0
BRDA:22,0,1,0
BRF:2
BRH:0
end_of_record
TN:
SF:/Users/dainiustrijonis/Projektas/src/screens/RegisterScreen.js
FN:13,(anonymous_0)
FN:17,(anonymous_1)
FN:27,(anonymous_2)
FN:30,(anonymous_3)
FN:36,(anonymous_4)
FN:43,(anonymous_5)
FNF:6
FNH:0
FNDA:0,(anonymous_0)
FNDA:0,(anonymous_1)
FNDA:0,(anonymous_2)
FNDA:0,(anonymous_3)
FNDA:0,(anonymous_4)
FNDA:0,(anonymous_5)
DA:7,0
DA:13,0
DA:14,0
DA:15,0
DA:18,0
DA:25,0
DA:27,0
DA:31,0
DA:36,0
DA:43,0
DA:55,0
LF:11
LH:0
BRF:0
BRH:0
end_of_record
